# JRE version: Java(TM) SE Runtime Environment (8.0_151-b12) (build 1.8.0_151-b12)
# Java VM: Java HotSpot(TM) 64-Bit Server VM (25.151-b12 mixed mode windows-amd64 compressed oops)
Heap:
 PSYoungGen      total 329728K, used 160916K [0x00000000eab00000, 0x0000000100000000, 0x0000000100000000)
  eden space 318464K, 46% used [0x00000000eab00000,0x00000000f3d27660,0x00000000fe200000)
  from space 11264K, 99% used [0x00000000ff500000,0x00000000ffffdaa8,0x0000000100000000)
  to   space 15360K, 0% used [0x00000000fe200000,0x00000000fe200000,0x00000000ff100000)
 ParOldGen       total 48640K, used 21306K [0x00000000c0000000, 0x00000000c2f80000, 0x00000000eab00000)
  object space 48640K, 43% used [0x00000000c0000000,0x00000000c14ce8f0,0x00000000c2f80000)
 Metaspace       used 54620K, capacity 57932K, committed 58240K, reserved 1099776K
  class space    used 7677K, capacity 8251K, committed 8320K, reserved 1048576K
GC Heap History (10 events):
Event: 7.090 GC heap before
{Heap before GC invocations=12 (full 1):
 PSYoungGen      total 195072K, used 193663K [0x00000000eab00000, 0x00000000f7780000, 0x0000000100000000)
  eden space 187904K, 100% used [0x00000000eab00000,0x00000000f6280000,0x00000000f6280000)
  from space 7168K, 80% used [0x00000000f7080000,0x00000000f761fe18,0x00000000f7780000)
  to   space 10752K, 0% used [0x00000000f6280000,0x00000000f6280000,0x00000000f6d00000)
 ParOldGen       total 30208K, used 19107K [0x00000000c0000000, 0x00000000c1d80000, 0x00000000eab00000)
  object space 30208K, 63% used [0x00000000c0000000,0x00000000c12a8c98,0x00000000c1d80000)
 Metaspace       used 25573K, capacity 26884K, committed 27136K, reserved 1073152K
  class space    used 3460K, capacity 3754K, committed 3840K, reserved 1048576K
Event: 7.102 GC heap after
Heap after GC invocations=12 (full 1):
 PSYoungGen      total 198656K, used 4557K [0x00000000eab00000, 0x00000000fc580000, 0x0000000100000000)
  eden space 187904K, 0% used [0x00000000eab00000,0x00000000eab00000,0x00000000f6280000)
  from space 10752K, 42% used [0x00000000f6280000,0x00000000f66f3558,0x00000000f6d00000)
  to   space 10752K, 0% used [0x00000000fbb00000,0x00000000fbb00000,0x00000000fc580000)
 ParOldGen       total 30208K, used 22587K [0x00000000c0000000, 0x00000000c1d80000, 0x00000000eab00000)
  object space 30208K, 74% used [0x00000000c0000000,0x00000000c160ec40,0x00000000c1d80000)
 Metaspace       used 25573K, capacity 26884K, committed 27136K, reserved 1073152K
  class space    used 3460K, capacity 3754K, committed 3840K, reserved 1048576K
}
Event: 8.396 GC heap before
{Heap before GC invocations=13 (full 1):
 PSYoungGen      total 198656K, used 192461K [0x00000000eab00000, 0x00000000fc580000, 0x0000000100000000)
  eden space 187904K, 100% used [0x00000000eab00000,0x00000000f6280000,0x00000000f6280000)
  from space 10752K, 42% used [0x00000000f6280000,0x00000000f66f3558,0x00000000f6d00000)
  to   space 10752K, 0% used [0x00000000fbb00000,0x00000000fbb00000,0x00000000fc580000)
 ParOldGen       total 30208K, used 22587K [0x00000000c0000000, 0x00000000c1d80000, 0x00000000eab00000)
  object space 30208K, 74% used [0x00000000c0000000,0x00000000c160ec40,0x00000000c1d80000)
 Metaspace       used 31274K, capacity 33194K, committed 33408K, reserved 1077248K
  class space    used 4244K, capacity 4619K, committed 4736K, reserved 1048576K
Event: 8.426 GC heap after
Heap after GC invocations=13 (full 1):
 PSYoungGen      total 272896K, used 8832K [0x00000000eab00000, 0x00000000fc400000, 0x0000000100000000)
  eden space 263680K, 0% used [0x00000000eab00000,0x00000000eab00000,0x00000000fac80000)
  from space 9216K, 95% used [0x00000000fbb00000,0x00000000fc3a00d8,0x00000000fc400000)
  to   space 11264K, 0% used [0x00000000fae00000,0x00000000fae00000,0x00000000fb900000)
 ParOldGen       total 30208K, used 24163K [0x00000000c0000000, 0x00000000c1d80000, 0x00000000eab00000)
  object space 30208K, 79% used [0x00000000c0000000,0x00000000c1798c90,0x00000000c1d80000)
 Metaspace       used 31274K, capacity 33194K, committed 33408K, reserved 1077248K
  class space    used 4244K, capacity 4619K, committed 4736K, reserved 1048576K
}
Event: 8.876 GC heap before
{Heap before GC invocations=14 (full 1):
 PSYoungGen      total 272896K, used 39701K [0x00000000eab00000, 0x00000000fc400000, 0x0000000100000000)
  eden space 263680K, 11% used [0x00000000eab00000,0x00000000ec9255d0,0x00000000fac80000)
  from space 9216K, 95% used [0x00000000fbb00000,0x00000000fc3a00d8,0x00000000fc400000)
  to   space 11264K, 0% used [0x00000000fae00000,0x00000000fae00000,0x00000000fb900000)
 ParOldGen       total 30208K, used 24163K [0x00000000c0000000, 0x00000000c1d80000, 0x00000000eab00000)
  object space 30208K, 79% used [0x00000000c0000000,0x00000000c1798c90,0x00000000c1d80000)
 Metaspace       used 33178K, capacity 35302K, committed 35456K, reserved 1079296K
  class space    used 4473K, capacity 4873K, committed 4992K, reserved 1048576K
Event: 8.900 GC heap after
Heap after GC invocations=14 (full 1):
 PSYoungGen      total 276480K, used 1698K [0x00000000eab00000, 0x0000000100000000, 0x0000000100000000)
  eden space 265216K, 0% used [0x00000000eab00000,0x00000000eab00000,0x00000000fae00000)
  from space 11264K, 15% used [0x00000000fae00000,0x00000000fafa8970,0x00000000fb900000)
  to   space 11264K, 0% used [0x00000000ff500000,0x00000000ff500000,0x0000000100000000)
 ParOldGen       total 30208K, used 28083K [0x00000000c0000000, 0x00000000c1d80000, 0x00000000eab00000)
  object space 30208K, 92% used [0x00000000c0000000,0x00000000c1b6cc50,0x00000000c1d80000)
 Metaspace       used 33178K, capacity 35302K, committed 35456K, reserved 1079296K
  class space    used 4473K, capacity 4873K, committed 4992K, reserved 1048576K
}
Event: 8.900 GC heap before
{Heap before GC invocations=15 (full 2):
 PSYoungGen      total 276480K, used 1698K [0x00000000eab00000, 0x0000000100000000, 0x0000000100000000)
  eden space 265216K, 0% used [0x00000000eab00000,0x00000000eab00000,0x00000000fae00000)
  from space 11264K, 15% used [0x00000000fae00000,0x00000000fafa8970,0x00000000fb900000)
  to   space 11264K, 0% used [0x00000000ff500000,0x00000000ff500000,0x0000000100000000)
 ParOldGen       total 30208K, used 28083K [0x00000000c0000000, 0x00000000c1d80000, 0x00000000eab00000)
  object space 30208K, 92% used [0x00000000c0000000,0x00000000c1b6cc50,0x00000000c1d80000)
 Metaspace       used 33178K, capacity 35302K, committed 35456K, reserved 1079296K
  class space    used 4473K, capacity 4873K, committed 4992K, reserved 1048576K
Event: 9.074 GC heap after
Heap after GC invocations=15 (full 2):
 PSYoungGen      total 276480K, used 0K [0x00000000eab00000, 0x0000000100000000, 0x0000000100000000)
  eden space 265216K, 0% used [0x00000000eab00000,0x00000000eab00000,0x00000000fae00000)
  from space 11264K, 0% used [0x00000000fae00000,0x00000000fae00000,0x00000000fb900000)
  to   space 11264K, 0% used [0x00000000ff500000,0x00000000ff500000,0x0000000100000000)
 ParOldGen       total 48640K, used 15281K [0x00000000c0000000, 0x00000000c2f80000, 0x00000000eab00000)
  object space 48640K, 31% used [0x00000000c0000000,0x00000000c0eec4f8,0x00000000c2f80000)
 Metaspace       used 33178K, capacity 35302K, committed 35456K, reserved 1079296K
  class space    used 4473K, capacity 4873K, committed 4992K, reserved 1048576K
}
Event: 13.330 GC heap before
{Heap before GC invocations=16 (full 2):
 PSYoungGen      total 276480K, used 265216K [0x00000000eab00000, 0x0000000100000000, 0x0000000100000000)
  eden space 265216K, 100% used [0x00000000eab00000,0x00000000fae00000,0x00000000fae00000)
  from space 11264K, 0% used [0x00000000fae00000,0x00000000fae00000,0x00000000fb900000)
  to   space 11264K, 0% used [0x00000000ff500000,0x00000000ff500000,0x0000000100000000)
 ParOldGen       total 48640K, used 15281K [0x00000000c0000000, 0x00000000c2f80000, 0x00000000eab00000)
  object space 48640K, 31% used [0x00000000c0000000,0x00000000c0eec4f8,0x00000000c2f80000)
 Metaspace       used 48411K, capacity 51304K, committed 51456K, reserved 1093632K
  class space    used 6787K, capacity 7314K, committed 7424K, reserved 1048576K
Event: 13.364 GC heap after
Heap after GC invocations=16 (full 2):
 PSYoungGen      total 329728K, used 11254K [0x00000000eab00000, 0x0000000100000000, 0x0000000100000000)
  eden space 318464K, 0% used [0x00000000eab00000,0x00000000eab00000,0x00000000fe200000)
  from space 11264K, 99% used [0x00000000ff500000,0x00000000ffffdaa8,0x0000000100000000)
  to   space 15360K, 0% used [0x00000000fe200000,0x00000000fe200000,0x00000000ff100000)
 ParOldGen       total 48640K, used 21306K [0x00000000c0000000, 0x00000000c2f80000, 0x00000000eab00000)
  object space 48640K, 43% used [0x00000000c0000000,0x00000000c14ce8f0,0x00000000c2f80000)
 Metaspace       used 48411K, capacity 51304K, committed 51456K, reserved 1093632K
  class space    used 6787K, capacity 7314K, committed 7424K, reserved 1048576K
}

